<?xml version="1.0" encoding="UTF-8"?>
<!-- Generated by org.testng.reporters.JUnitReportReporter -->
<testsuite skipped="0" hostname="Ashirbad" name="com.AutomationPractice.EndToEndFlow" tests="1" failures="0" timestamp="12 Jan 2020 15:04:45 GMT" time="33.565" errors="0">
  <testcase name="signIn" time="33.565" classname="com.AutomationPractice.EndToEndFlow"/>
</testsuite> <!-- com.AutomationPractice.EndToEndFlow -->
